2025-01-02 02:33:07,584 - __main__ - INFO - Starting model training process...
2025-01-02 02:33:07,584 - __main__ - INFO - Initializing model trainer...
2025-01-02 02:33:07,585 - __main__ - INFO - Loading and preprocessing dataset...
2025-01-02 02:33:07,590 - model_trainer - INFO - Loaded dataset with 959 samples
2025-01-02 02:33:07,591 - __main__ - INFO - Dataset loaded successfully with 959 samples
2025-01-02 02:33:07,591 - __main__ - INFO - Class distribution:
Fact Check
0    908
1     49
2      2
Name: count, dtype: int64
2025-01-02 02:33:07,592 - __main__ - INFO - Training model...
2025-01-02 02:33:07,595 - model_trainer - INFO - Starting GridSearchCV...
2025-01-02 02:33:22,113 - model_trainer - INFO - Best parameters: {'classifier__max_depth': 20, 'classifier__min_samples_split': 5, 'classifier__n_estimators': 100, 'vectorizer__max_features': 3000, 'vectorizer__ngram_range': (1, 2)}
2025-01-02 02:33:22,125 - __main__ - INFO - Saving model...
2025-01-02 02:33:22,188 - model_trainer - INFO - Model saved successfully to models/misinformation_detector.joblib
2025-01-02 02:33:22,189 - __main__ - INFO - Exporting metrics...
2025-01-02 02:33:22,189 - model_trainer - INFO - Metrics exported to models/model_metrics.json
2025-01-02 02:33:22,190 - __main__ - INFO - Training accuracy: 99.48%
2025-01-02 02:33:22,190 - __main__ - INFO - Test accuracy: 95.31%
2025-01-02 02:33:22,190 - __main__ - INFO - Cross-validation mean: 95.57%
2025-01-02 02:33:22,190 - __main__ - INFO - Model training completed successfully!
